<?xml version="1.0" encoding="UTF-8"?>
<!-- Generated by org.testng.reporters.JUnitReportReporter -->
<testsuite skipped="0" hostname="Avengers" name="com.testngpractice.testprac1" tests="2" failures="0" timestamp="2020-03-03T15:21:44 IST" time="0.013" errors="0">
  <testcase name="test1" time="0.008" classname="com.testngpractice.testprac1"/>
  <testcase name="test2" time="0.005" classname="com.testngpractice.testprac1"/>
</testsuite> <!-- com.testngpractice.testprac1 -->
