<?xml version="1.0" encoding="UTF-8"?>
<!-- Generated by org.testng.reporters.JUnitReportReporter -->
<testsuite skipped="0" hostname="Avengers" name="com.testngpractice.actimitmelogintest" tests="4" failures="0" timestamp="2020-04-04T00:57:35 IST" time="85.821" errors="0">
  <testcase name="logintest" time="20.227" classname="com.testngpractice.actimitmelogintest"/>
  <testcase name="verifyentertimepage" time="20.334" classname="com.testngpractice.actimitmelogintest"/>
  <testcase name="verifydate" time="19.721" classname="com.testngpractice.actimitmelogintest"/>
  <testcase name="displaycallender" time="25.539" classname="com.testngpractice.actimitmelogintest"/>
</testsuite> <!-- com.testngpractice.actimitmelogintest -->
