<?xml version="1.0" encoding="UTF-8"?>
<!-- Generated by org.testng.reporters.JUnitReportReporter -->
<testsuite skipped="0" hostname="Avengers" name="com.testngpractice.Actitimetestng" tests="2" failures="0" timestamp="2020-04-03T23:34:38 IST" time="45.417" errors="0">
  <testcase name="verifyactimetext" time="30.254" classname="com.testngpractice.Actitimetestng"/>
  <testcase name="verifytitle" time="15.163" classname="com.testngpractice.Actitimetestng"/>
</testsuite> <!-- com.testngpractice.Actitimetestng -->
