<?xml version="1.0" encoding="UTF-8"?>
<!-- Generated by org.testng.reporters.JUnitReportReporter -->
<testsuite skipped="0" hostname="Avengers" name="com.testngpractice.Vtiertest" tests="2" failures="0" timestamp="2020-03-31T23:52:36 IST" time="24.091" errors="0">
  <testcase name="verifyactimetext" time="13.071" classname="com.testngpractice.Vtiertest"/>
  <testcase name="verifytitle" time="11.020" classname="com.testngpractice.Vtiertest"/>
</testsuite> <!-- com.testngpractice.Vtiertest -->
