<?xml version="1.0" encoding="UTF-8"?>
<!-- Generated by org.testng.reporters.JUnitReportReporter -->
<testsuite skipped="0" hostname="Avengers" name="com.testngpractice.actimitmelogin" tests="3" failures="0" timestamp="2020-04-03T23:41:31 IST" time="160.221" errors="0">
  <testcase name="verifytitletest" time="57.691" classname="com.testngpractice.actimitmelogin"/>
  <testcase name="verifypage" time="62.714" classname="com.testngpractice.actimitmelogin"/>
  <testcase name="login" time="39.816" classname="com.testngpractice.actimitmelogin"/>
</testsuite> <!-- com.testngpractice.actimitmelogin -->
